<?xml version="1.0" encoding="UTF-8"?>
<testng-results ignored="0" total="2" passed="2" failed="0" skipped="0">
  <reporter-output>
  </reporter-output>
  <suite started-at="2022-04-26T15:29:54 IST" name="Default suite" finished-at="2022-04-26T15:30:02 IST" duration-ms="7330">
    <groups>
    </groups>
    <test started-at="2022-04-26T15:29:54 IST" name="Default test" finished-at="2022-04-26T15:30:02 IST" duration-ms="7330">
      <class name="utils.excelUtilsTest">
        <test-method signature="excelFunc(java.lang.String,java.lang.String,java.lang.String,java.lang.String)[pri:0, instance:utils.excelUtilsTest@30ee2816]" started-at="2022-04-26T15:29:56 IST" name="excelFunc" data-provider="getData" finished-at="2022-04-26T15:30:02 IST" duration-ms="5916" status="PASS">
          <params>
            <param index="0">
              <value>
                <![CDATA[Lake]]>
              </value>
            </param>
            <param index="1">
              <value>
                <![CDATA[Bell]]>
              </value>
            </param>
            <param index="2">
              <value>
                <![CDATA[l11.b@gmail.com]]>
              </value>
            </param>
            <param index="3">
              <value>
                <![CDATA[2]]>
              </value>
            </param>
          </params>
          <reporter-output>
          </reporter-output>
        </test-method> <!-- excelFunc -->
        <test-method signature="excelFunc(java.lang.String,java.lang.String,java.lang.String,java.lang.String)[pri:0, instance:utils.excelUtilsTest@30ee2816]" started-at="2022-04-26T15:30:02 IST" name="excelFunc" data-provider="getData" finished-at="2022-04-26T15:30:02 IST" duration-ms="50" status="PASS">
          <params>
            <param index="0">
              <value>
                <![CDATA[Fort]]>
              </value>
            </param>
            <param index="1">
              <value>
                <![CDATA[Sink]]>
              </value>
            </param>
            <param index="2">
              <value>
                <![CDATA[f11.s@gmail.com]]>
              </value>
            </param>
            <param index="3">
              <value>
                <![CDATA[1]]>
              </value>
            </param>
          </params>
          <reporter-output>
          </reporter-output>
        </test-method> <!-- excelFunc -->
      </class> <!-- utils.excelUtilsTest -->
    </test> <!-- Default test -->
  </suite> <!-- Default suite -->
</testng-results>
